<?xml version="1.0" encoding="UTF-8"?>
<testng-results ignored="0" total="1" passed="1" failed="0" skipped="0">
  <reporter-output>
  </reporter-output>
  <suite started-at="2026-01-03T14:11:05 IST" name="Default suite" finished-at="2026-01-03T14:11:09 IST" duration-ms="3530">
    <groups>
    </groups>
    <test started-at="2026-01-03T14:11:05 IST" name="Default test" finished-at="2026-01-03T14:11:09 IST" duration-ms="3530">
      <class name="tests.HelloWorld">
        <test-method signature="hello()[pri:0, instance:tests.HelloWorld@63376bed]" started-at="2026-01-03T14:11:05 IST" name="hello" finished-at="2026-01-03T14:11:09 IST" duration-ms="3463" status="PASS">
          <reporter-output>
          </reporter-output>
        </test-method> <!-- hello -->
      </class> <!-- tests.HelloWorld -->
    </test> <!-- Default test -->
  </suite> <!-- Default suite -->
</testng-results>
